[29-Apr-2016 02:46:32 UTC] PHP Fatal error:  Call to a member function getAll() on a non-object in /home/ubuntu/workspace/project002/index.php on line 9
[29-Apr-2016 02:46:32 UTC] PHP Stack trace:
[29-Apr-2016 02:46:32 UTC] PHP   1. {main}() /home/ubuntu/workspace/project002/index.php:0
[29-Apr-2016 02:47:48 UTC] PHP Warning:  require_once(/home/ubuntu/workspace/project002/functions.php): failed to open stream: No such file or directory in /home/ubuntu/workspace/project002/index.php on line 4
[29-Apr-2016 02:47:48 UTC] PHP Stack trace:
[29-Apr-2016 02:47:48 UTC] PHP   1. {main}() /home/ubuntu/workspace/project002/index.php:0
[29-Apr-2016 02:47:48 UTC] PHP Fatal error:  require_once(): Failed opening required '/home/ubuntu/workspace/project002/functions.php' (include_path='.:/usr/share/php:/usr/share/pear') in /home/ubuntu/workspace/project002/index.php on line 4
[29-Apr-2016 02:47:48 UTC] PHP Stack trace:
[29-Apr-2016 02:47:48 UTC] PHP   1. {main}() /home/ubuntu/workspace/project002/index.php:0
[29-Apr-2016 04:27:04 UTC] PHP Parse error:  syntax error, unexpected '[' in /home/ubuntu/workspace/project002/Todo.php on line 51
[29-Apr-2016 04:27:04 UTC] PHP Stack trace:
[29-Apr-2016 04:27:04 UTC] PHP   1. {main}() /home/ubuntu/workspace/project002/index.php:0
[29-Apr-2016 04:38:01 UTC] PHP Warning:  require_once(/home/ubuntu/workspace/project002/functions.php): failed to open stream: No such file or directory in /home/ubuntu/workspace/project002/_ajax.php on line 6
[29-Apr-2016 04:38:01 UTC] PHP Stack trace:
[29-Apr-2016 04:38:01 UTC] PHP   1. {main}() /home/ubuntu/workspace/project002/_ajax.php:0
[29-Apr-2016 04:38:01 UTC] PHP Fatal error:  require_once(): Failed opening required '/home/ubuntu/workspace/project002/functions.php' (include_path='.:/usr/share/php:/usr/share/pear') in /home/ubuntu/workspace/project002/_ajax.php on line 6
[29-Apr-2016 04:38:01 UTC] PHP Stack trace:
[29-Apr-2016 04:38:01 UTC] PHP   1. {main}() /home/ubuntu/workspace/project002/_ajax.php:0
[29-Apr-2016 04:38:05 UTC] PHP Warning:  require_once(/home/ubuntu/workspace/project002/functions.php): failed to open stream: No such file or directory in /home/ubuntu/workspace/project002/_ajax.php on line 6
[29-Apr-2016 04:38:05 UTC] PHP Stack trace:
[29-Apr-2016 04:38:05 UTC] PHP   1. {main}() /home/ubuntu/workspace/project002/_ajax.php:0
[29-Apr-2016 04:38:05 UTC] PHP Fatal error:  require_once(): Failed opening required '/home/ubuntu/workspace/project002/functions.php' (include_path='.:/usr/share/php:/usr/share/pear') in /home/ubuntu/workspace/project002/_ajax.php on line 6
[29-Apr-2016 04:38:05 UTC] PHP Stack trace:
[29-Apr-2016 04:38:05 UTC] PHP   1. {main}() /home/ubuntu/workspace/project002/_ajax.php:0
[29-Apr-2016 04:39:09 UTC] PHP Warning:  require_once(/home/ubuntu/workspace/project002/functions.php): failed to open stream: No such file or directory in /home/ubuntu/workspace/project002/_ajax.php on line 6
[29-Apr-2016 04:39:09 UTC] PHP Stack trace:
[29-Apr-2016 04:39:09 UTC] PHP   1. {main}() /home/ubuntu/workspace/project002/_ajax.php:0
[29-Apr-2016 04:39:09 UTC] PHP Fatal error:  require_once(): Failed opening required '/home/ubuntu/workspace/project002/functions.php' (include_path='.:/usr/share/php:/usr/share/pear') in /home/ubuntu/workspace/project002/_ajax.php on line 6
[29-Apr-2016 04:39:09 UTC] PHP Stack trace:
[29-Apr-2016 04:39:09 UTC] PHP   1. {main}() /home/ubuntu/workspace/project002/_ajax.php:0
[29-Apr-2016 04:39:10 UTC] PHP Warning:  require_once(/home/ubuntu/workspace/project002/functions.php): failed to open stream: No such file or directory in /home/ubuntu/workspace/project002/_ajax.php on line 6
[29-Apr-2016 04:39:10 UTC] PHP Stack trace:
[29-Apr-2016 04:39:10 UTC] PHP   1. {main}() /home/ubuntu/workspace/project002/_ajax.php:0
[29-Apr-2016 04:39:10 UTC] PHP Fatal error:  require_once(): Failed opening required '/home/ubuntu/workspace/project002/functions.php' (include_path='.:/usr/share/php:/usr/share/pear') in /home/ubuntu/workspace/project002/_ajax.php on line 6
[29-Apr-2016 04:39:10 UTC] PHP Stack trace:
[29-Apr-2016 04:39:10 UTC] PHP   1. {main}() /home/ubuntu/workspace/project002/_ajax.php:0
[29-Apr-2016 04:39:12 UTC] PHP Warning:  require_once(/home/ubuntu/workspace/project002/functions.php): failed to open stream: No such file or directory in /home/ubuntu/workspace/project002/_ajax.php on line 6
[29-Apr-2016 04:39:12 UTC] PHP Stack trace:
[29-Apr-2016 04:39:12 UTC] PHP   1. {main}() /home/ubuntu/workspace/project002/_ajax.php:0
[29-Apr-2016 04:39:12 UTC] PHP Fatal error:  require_once(): Failed opening required '/home/ubuntu/workspace/project002/functions.php' (include_path='.:/usr/share/php:/usr/share/pear') in /home/ubuntu/workspace/project002/_ajax.php on line 6
[29-Apr-2016 04:39:12 UTC] PHP Stack trace:
[29-Apr-2016 04:39:12 UTC] PHP   1. {main}() /home/ubuntu/workspace/project002/_ajax.php:0
[29-Apr-2016 04:39:12 UTC] PHP Warning:  require_once(/home/ubuntu/workspace/project002/functions.php): failed to open stream: No such file or directory in /home/ubuntu/workspace/project002/_ajax.php on line 6
[29-Apr-2016 04:39:12 UTC] PHP Stack trace:
[29-Apr-2016 04:39:12 UTC] PHP   1. {main}() /home/ubuntu/workspace/project002/_ajax.php:0
[29-Apr-2016 04:39:12 UTC] PHP Fatal error:  require_once(): Failed opening required '/home/ubuntu/workspace/project002/functions.php' (include_path='.:/usr/share/php:/usr/share/pear') in /home/ubuntu/workspace/project002/_ajax.php on line 6
[29-Apr-2016 04:39:12 UTC] PHP Stack trace:
[29-Apr-2016 04:39:12 UTC] PHP   1. {main}() /home/ubuntu/workspace/project002/_ajax.php:0
[29-Apr-2016 04:39:13 UTC] PHP Warning:  require_once(/home/ubuntu/workspace/project002/functions.php): failed to open stream: No such file or directory in /home/ubuntu/workspace/project002/_ajax.php on line 6
[29-Apr-2016 04:39:13 UTC] PHP Stack trace:
[29-Apr-2016 04:39:13 UTC] PHP   1. {main}() /home/ubuntu/workspace/project002/_ajax.php:0
[29-Apr-2016 04:39:13 UTC] PHP Fatal error:  require_once(): Failed opening required '/home/ubuntu/workspace/project002/functions.php' (include_path='.:/usr/share/php:/usr/share/pear') in /home/ubuntu/workspace/project002/_ajax.php on line 6
[29-Apr-2016 04:39:13 UTC] PHP Stack trace:
[29-Apr-2016 04:39:13 UTC] PHP   1. {main}() /home/ubuntu/workspace/project002/_ajax.php:0
[29-Apr-2016 04:39:14 UTC] PHP Warning:  require_once(/home/ubuntu/workspace/project002/functions.php): failed to open stream: No such file or directory in /home/ubuntu/workspace/project002/_ajax.php on line 6
[29-Apr-2016 04:39:14 UTC] PHP Stack trace:
[29-Apr-2016 04:39:14 UTC] PHP   1. {main}() /home/ubuntu/workspace/project002/_ajax.php:0
[29-Apr-2016 04:39:14 UTC] PHP Fatal error:  require_once(): Failed opening required '/home/ubuntu/workspace/project002/functions.php' (include_path='.:/usr/share/php:/usr/share/pear') in /home/ubuntu/workspace/project002/_ajax.php on line 6
[29-Apr-2016 04:39:14 UTC] PHP Stack trace:
[29-Apr-2016 04:39:14 UTC] PHP   1. {main}() /home/ubuntu/workspace/project002/_ajax.php:0
[29-Apr-2016 04:39:15 UTC] PHP Warning:  require_once(/home/ubuntu/workspace/project002/functions.php): failed to open stream: No such file or directory in /home/ubuntu/workspace/project002/_ajax.php on line 6
[29-Apr-2016 04:39:15 UTC] PHP Stack trace:
[29-Apr-2016 04:39:15 UTC] PHP   1. {main}() /home/ubuntu/workspace/project002/_ajax.php:0
[29-Apr-2016 04:39:15 UTC] PHP Fatal error:  require_once(): Failed opening required '/home/ubuntu/workspace/project002/functions.php' (include_path='.:/usr/share/php:/usr/share/pear') in /home/ubuntu/workspace/project002/_ajax.php on line 6
[29-Apr-2016 04:39:15 UTC] PHP Stack trace:
[29-Apr-2016 04:39:15 UTC] PHP   1. {main}() /home/ubuntu/workspace/project002/_ajax.php:0
[29-Apr-2016 04:39:15 UTC] PHP Warning:  require_once(/home/ubuntu/workspace/project002/functions.php): failed to open stream: No such file or directory in /home/ubuntu/workspace/project002/_ajax.php on line 6
[29-Apr-2016 04:39:15 UTC] PHP Stack trace:
[29-Apr-2016 04:39:15 UTC] PHP   1. {main}() /home/ubuntu/workspace/project002/_ajax.php:0
[29-Apr-2016 04:39:15 UTC] PHP Fatal error:  require_once(): Failed opening required '/home/ubuntu/workspace/project002/functions.php' (include_path='.:/usr/share/php:/usr/share/pear') in /home/ubuntu/workspace/project002/_ajax.php on line 6
[29-Apr-2016 04:39:15 UTC] PHP Stack trace:
[29-Apr-2016 04:39:15 UTC] PHP   1. {main}() /home/ubuntu/workspace/project002/_ajax.php:0
[29-Apr-2016 04:39:18 UTC] PHP Warning:  require_once(/home/ubuntu/workspace/project002/functions.php): failed to open stream: No such file or directory in /home/ubuntu/workspace/project002/_ajax.php on line 6
[29-Apr-2016 04:39:18 UTC] PHP Stack trace:
[29-Apr-2016 04:39:18 UTC] PHP   1. {main}() /home/ubuntu/workspace/project002/_ajax.php:0
[29-Apr-2016 04:39:18 UTC] PHP Fatal error:  require_once(): Failed opening required '/home/ubuntu/workspace/project002/functions.php' (include_path='.:/usr/share/php:/usr/share/pear') in /home/ubuntu/workspace/project002/_ajax.php on line 6
[29-Apr-2016 04:39:18 UTC] PHP Stack trace:
[29-Apr-2016 04:39:18 UTC] PHP   1. {main}() /home/ubuntu/workspace/project002/_ajax.php:0
[29-Apr-2016 04:39:24 UTC] PHP Warning:  require_once(/home/ubuntu/workspace/project002/functions.php): failed to open stream: No such file or directory in /home/ubuntu/workspace/project002/_ajax.php on line 6
[29-Apr-2016 04:39:24 UTC] PHP Stack trace:
[29-Apr-2016 04:39:24 UTC] PHP   1. {main}() /home/ubuntu/workspace/project002/_ajax.php:0
[29-Apr-2016 04:39:24 UTC] PHP Fatal error:  require_once(): Failed opening required '/home/ubuntu/workspace/project002/functions.php' (include_path='.:/usr/share/php:/usr/share/pear') in /home/ubuntu/workspace/project002/_ajax.php on line 6
[29-Apr-2016 04:39:24 UTC] PHP Stack trace:
[29-Apr-2016 04:39:24 UTC] PHP   1. {main}() /home/ubuntu/workspace/project002/_ajax.php:0
[29-Apr-2016 04:39:32 UTC] PHP Warning:  require_once(/home/ubuntu/workspace/project002/functions.php): failed to open stream: No such file or directory in /home/ubuntu/workspace/project002/_ajax.php on line 6
[29-Apr-2016 04:39:32 UTC] PHP Stack trace:
[29-Apr-2016 04:39:32 UTC] PHP   1. {main}() /home/ubuntu/workspace/project002/_ajax.php:0
[29-Apr-2016 04:39:32 UTC] PHP Fatal error:  require_once(): Failed opening required '/home/ubuntu/workspace/project002/functions.php' (include_path='.:/usr/share/php:/usr/share/pear') in /home/ubuntu/workspace/project002/_ajax.php on line 6
[29-Apr-2016 04:39:32 UTC] PHP Stack trace:
[29-Apr-2016 04:39:32 UTC] PHP   1. {main}() /home/ubuntu/workspace/project002/_ajax.php:0
[29-Apr-2016 04:39:38 UTC] PHP Warning:  require_once(/home/ubuntu/workspace/project002/functions.php): failed to open stream: No such file or directory in /home/ubuntu/workspace/project002/_ajax.php on line 6
[29-Apr-2016 04:39:38 UTC] PHP Stack trace:
[29-Apr-2016 04:39:38 UTC] PHP   1. {main}() /home/ubuntu/workspace/project002/_ajax.php:0
[29-Apr-2016 04:39:38 UTC] PHP Fatal error:  require_once(): Failed opening required '/home/ubuntu/workspace/project002/functions.php' (include_path='.:/usr/share/php:/usr/share/pear') in /home/ubuntu/workspace/project002/_ajax.php on line 6
[29-Apr-2016 04:39:38 UTC] PHP Stack trace:
[29-Apr-2016 04:39:38 UTC] PHP   1. {main}() /home/ubuntu/workspace/project002/_ajax.php:0
[29-Apr-2016 04:39:42 UTC] PHP Warning:  require_once(/home/ubuntu/workspace/project002/functions.php): failed to open stream: No such file or directory in /home/ubuntu/workspace/project002/_ajax.php on line 6
[29-Apr-2016 04:39:42 UTC] PHP Stack trace:
[29-Apr-2016 04:39:42 UTC] PHP   1. {main}() /home/ubuntu/workspace/project002/_ajax.php:0
[29-Apr-2016 04:39:42 UTC] PHP Fatal error:  require_once(): Failed opening required '/home/ubuntu/workspace/project002/functions.php' (include_path='.:/usr/share/php:/usr/share/pear') in /home/ubuntu/workspace/project002/_ajax.php on line 6
[29-Apr-2016 04:39:42 UTC] PHP Stack trace:
[29-Apr-2016 04:39:42 UTC] PHP   1. {main}() /home/ubuntu/workspace/project002/_ajax.php:0
[29-Apr-2016 04:39:56 UTC] PHP Warning:  require_once(/home/ubuntu/workspace/project002/functions.php): failed to open stream: No such file or directory in /home/ubuntu/workspace/project002/_ajax.php on line 6
[29-Apr-2016 04:39:56 UTC] PHP Stack trace:
[29-Apr-2016 04:39:56 UTC] PHP   1. {main}() /home/ubuntu/workspace/project002/_ajax.php:0
[29-Apr-2016 04:39:56 UTC] PHP Fatal error:  require_once(): Failed opening required '/home/ubuntu/workspace/project002/functions.php' (include_path='.:/usr/share/php:/usr/share/pear') in /home/ubuntu/workspace/project002/_ajax.php on line 6
[29-Apr-2016 04:39:56 UTC] PHP Stack trace:
[29-Apr-2016 04:39:56 UTC] PHP   1. {main}() /home/ubuntu/workspace/project002/_ajax.php:0
[29-Apr-2016 04:40:03 UTC] PHP Warning:  require_once(/home/ubuntu/workspace/project002/functions.php): failed to open stream: No such file or directory in /home/ubuntu/workspace/project002/_ajax.php on line 6
[29-Apr-2016 04:40:03 UTC] PHP Stack trace:
[29-Apr-2016 04:40:03 UTC] PHP   1. {main}() /home/ubuntu/workspace/project002/_ajax.php:0
[29-Apr-2016 04:40:03 UTC] PHP Fatal error:  require_once(): Failed opening required '/home/ubuntu/workspace/project002/functions.php' (include_path='.:/usr/share/php:/usr/share/pear') in /home/ubuntu/workspace/project002/_ajax.php on line 6
[29-Apr-2016 04:40:03 UTC] PHP Stack trace:
[29-Apr-2016 04:40:03 UTC] PHP   1. {main}() /home/ubuntu/workspace/project002/_ajax.php:0
[29-Apr-2016 04:40:06 UTC] PHP Warning:  require_once(/home/ubuntu/workspace/project002/functions.php): failed to open stream: No such file or directory in /home/ubuntu/workspace/project002/_ajax.php on line 6
[29-Apr-2016 04:40:06 UTC] PHP Stack trace:
[29-Apr-2016 04:40:06 UTC] PHP   1. {main}() /home/ubuntu/workspace/project002/_ajax.php:0
[29-Apr-2016 04:40:06 UTC] PHP Fatal error:  require_once(): Failed opening required '/home/ubuntu/workspace/project002/functions.php' (include_path='.:/usr/share/php:/usr/share/pear') in /home/ubuntu/workspace/project002/_ajax.php on line 6
[29-Apr-2016 04:40:06 UTC] PHP Stack trace:
[29-Apr-2016 04:40:06 UTC] PHP   1. {main}() /home/ubuntu/workspace/project002/_ajax.php:0
[13-Jun-2016 10:33:43 UTC] PHP Warning:  include(/home/ubuntu/workspace/persbox/module/page-setting.html): failed to open stream: No such file or directory in /home/ubuntu/workspace/persbox/index.html on line 1
[13-Jun-2016 10:33:43 UTC] PHP Stack trace:
[13-Jun-2016 10:33:43 UTC] PHP   1. {main}() /home/ubuntu/workspace/persbox/index.html:0
[13-Jun-2016 10:33:43 UTC] PHP Warning:  include(): Failed opening '/home/ubuntu/workspace/persbox/module/page-setting.html' for inclusion (include_path='.:/usr/share/php:/usr/share/pear') in /home/ubuntu/workspace/persbox/index.html on line 1
[13-Jun-2016 10:33:43 UTC] PHP Stack trace:
[13-Jun-2016 10:33:43 UTC] PHP   1. {main}() /home/ubuntu/workspace/persbox/index.html:0
[13-Jun-2016 10:34:26 UTC] PHP Warning:  include(/home/ubuntu/workspace/persbox/module/page-setting.html): failed to open stream: No such file or directory in /home/ubuntu/workspace/persbox/index.html on line 1
[13-Jun-2016 10:34:26 UTC] PHP Stack trace:
[13-Jun-2016 10:34:26 UTC] PHP   1. {main}() /home/ubuntu/workspace/persbox/index.html:0
[13-Jun-2016 10:34:26 UTC] PHP Warning:  include(): Failed opening '/home/ubuntu/workspace/persbox/module/page-setting.html' for inclusion (include_path='.:/usr/share/php:/usr/share/pear') in /home/ubuntu/workspace/persbox/index.html on line 1
[13-Jun-2016 10:34:26 UTC] PHP Stack trace:
[13-Jun-2016 10:34:26 UTC] PHP   1. {main}() /home/ubuntu/workspace/persbox/index.html:0
[13-Jun-2016 10:45:12 UTC] PHP Parse error:  syntax error, unexpected 'description' (T_STRING), expecting ',' or ';' in /home/ubuntu/workspace/persbox/module/head.html on line 9
[13-Jun-2016 10:45:12 UTC] PHP Stack trace:
[13-Jun-2016 10:45:12 UTC] PHP   1. {main}() /home/ubuntu/workspace/persbox/index.html:0
[13-Jun-2016 10:45:24 UTC] PHP Parse error:  syntax error, unexpected ''>' (T_ENCAPSED_AND_WHITESPACE) in /home/ubuntu/workspace/persbox/module/head.html on line 8
[13-Jun-2016 10:45:24 UTC] PHP Stack trace:
[13-Jun-2016 10:45:24 UTC] PHP   1. {main}() /home/ubuntu/workspace/persbox/index.html:0
